<?xml version="1.0" encoding="UTF-8"?>
<!-- Generated by org.testng.reporters.JUnitReportReporter -->
<testsuite hostname="DESKTOP-3E1HRJ9" failures="0" tests="1" name="test.PlaceAnOrderTest" time="17.171" errors="0" timestamp="2022-11-15T14:56:01 EET" skipped="0">
  <testcase classname="test.PlaceAnOrderTest" name="placeTheOrder" time="17.171"/>
  <system-out/>
</testsuite> <!-- test.PlaceAnOrderTest -->
