<?xml version="1.0" encoding="UTF-8"?>
<!-- Generated by org.testng.reporters.JUnitReportReporter -->
<testsuite hostname="DESKTOP-3E1HRJ9" failures="0" tests="1" name="test.AddToCartTest" time="2.757" errors="0" timestamp="2022-11-14T21:34:41 EET" skipped="0">
  <testcase classname="test.AddToCartTest" name="placeOrderUnder50lei" time="2.757"/>
  <system-out/>
</testsuite> <!-- test.AddToCartTest -->
